<?xml version="1.0" encoding="UTF-8"?>
<!-- Generated by org.testng.reporters.JUnitReportReporter -->
<testsuite hostname="monishas-MacBook-Air.local" failures="0" tests="2" name="DataDriveExamples" time="3.089" errors="0" timestamp="2020-04-22T01:20:28 GMT-04:00" skipped="0">
  <testcase classname="DataDriveExamples" name="test_post" time="3.052"/>
  <system-out/>
  <testcase classname="DataDriveExamples" name="test_post" time="0.037"/>
  <system-out/>
</testsuite> <!-- DataDriveExamples -->
