<?xml version="1.0" encoding="UTF-8"?>
<!-- Generated by org.testng.reporters.JUnitReportReporter -->
<testsuite hostname="monishas-MacBook-Air.local" failures="0" tests="1" name="JsonServerExample" time="2.326" errors="0" timestamp="2020-04-07T21:05:00 GMT-04:00" skipped="0">
  <testcase classname="JsonServerExample" name="test_delete" time="2.326"/>
  <system-out/>
</testsuite> <!-- JsonServerExample -->
