<?xml version="1.0" encoding="UTF-8"?>
<!-- Generated by org.testng.reporters.JUnitReportReporter -->
<testsuite skipped="0" hostname="monishas-MacBook-Air.local" name="demotests.LocalAPIDemo" tests="1" failures="0" timestamp="2021-01-17T14:03:07 EST" time="2.080" errors="0">
  <testcase name="delete" time="2.080" classname="demotests.LocalAPIDemo"/>
  <system-out/>
</testsuite> <!-- demotests.LocalAPIDemo -->
