<?xml version="1.0" encoding="UTF-8"?>
<!-- Generated by org.testng.reporters.JUnitReportReporter -->
<testsuite skipped="0" hostname="monishas-MacBook-Air.local" name="demotests.SoapXMLRequest" tests="1" failures="0" timestamp="2021-01-17T19:12:46 EST" time="3.224" errors="0">
  <testcase name="xmlRequest" time="3.224" classname="demotests.SoapXMLRequest"/>
  <system-out/>
</testsuite> <!-- demotests.SoapXMLRequest -->
