<?xml version="1.0" encoding="UTF-8"?>
<!-- Generated by org.testng.reporters.JUnitReportReporter -->
<testsuite hostname="monishas-MacBook-Air.local" failures="0" tests="1" name="demo.DataDriveExamples" time="2.316" errors="0" timestamp="2020-04-22T01:33:37 GMT-04:00" skipped="0">
  <testcase classname="demo.DataDriveExamples" name="test_delete_2" time="2.316"/>
  <system-out/>
</testsuite> <!-- demo.DataDriveExamples -->
