<?xml version="1.0" encoding="UTF-8"?>
<!-- Generated by org.testng.reporters.JUnitReportReporter -->
<testsuite skipped="0" hostname="monishas-MacBook-Air.local" name="demotests.JSONSchemaVAlidatorDemo" tests="1" failures="0" timestamp="2021-01-17T15:08:54 EST" time="3.312" errors="0">
  <testcase name="schemaValidate" time="3.312" classname="demotests.JSONSchemaVAlidatorDemo"/>
  <system-out/>
</testsuite> <!-- demotests.JSONSchemaVAlidatorDemo -->
