<?xml version="1.0" encoding="UTF-8"?>
<!-- Generated by org.testng.reporters.JUnitReportReporter -->
<testsuite skipped="0" hostname="monishas-MacBook-Air.local" name="demotests.XMLSchemaValidation" tests="1" failures="0" timestamp="2021-01-17T21:33:03 EST" time="3.449" errors="0">
  <testcase name="schemaValidation" time="3.449" classname="demotests.XMLSchemaValidation"/>
  <system-out/>
</testsuite> <!-- demotests.XMLSchemaValidation -->
