<?xml version="1.0" encoding="UTF-8"?>
<!-- Generated by org.testng.reporters.JUnitReportReporter -->
<testsuite skipped="0" hostname="monishas-MacBook-Air.local" name="demotests.GetPostExample" tests="1" failures="0" timestamp="2021-01-13T23:48:05 EST" time="2.969" errors="0">
  <testcase name="postRequest" time="2.969" classname="demotests.GetPostExample"/>
  <system-out/>
</testsuite> <!-- demotests.GetPostExample -->
