<?xml version="1.0" encoding="UTF-8"?>
<!-- Generated by org.testng.reporters.JUnitReportReporter -->
<testsuite skipped="0" hostname="monishas-MacBook-Air.local" name="demotests.RestAssuredTest1" tests="3" failures="0" timestamp="2021-01-17T15:02:11 EST" time="5.015" errors="0">
  <testcase name="test_1" time="2.763" classname="demotests.RestAssuredTest1"/>
  <system-out/>
  <testcase name="test_3" time="1.513" classname="demotests.RestAssuredTest1"/>
  <system-out/>
  <testcase name="test_2" time="0.739" classname="demotests.RestAssuredTest1"/>
  <system-out/>
</testsuite> <!-- demotests.RestAssuredTest1 -->
