<?xml version="1.0" encoding="UTF-8"?>
<!-- Generated by org.testng.reporters.JUnitReportReporter -->
<testsuite skipped="0" hostname="monishas-MacBook-Air.local" name="demotests.PutPatchDeleteExample" tests="3" failures="0" timestamp="2021-01-14T00:00:51 EST" time="5.709" errors="0">
  <testcase name="patchTest" time="1.153" classname="demotests.PutPatchDeleteExample"/>
  <system-out/>
  <testcase name="deleteTest" time="3.401" classname="demotests.PutPatchDeleteExample"/>
  <system-out/>
  <testcase name="putTest" time="1.155" classname="demotests.PutPatchDeleteExample"/>
  <system-out/>
</testsuite> <!-- demotests.PutPatchDeleteExample -->
