<?xml version="1.0" encoding="UTF-8"?>
<!-- Generated by org.testng.reporters.JUnitReportReporter -->
<testsuite hostname="monishas-MacBook-Air.local" failures="0" tests="1" name="Test_post" time="3.827" errors="0" timestamp="2020-04-03T22:48:50 GMT-04:00" skipped="0">
  <testcase classname="Test_post" name="test_delete" time="3.827"/>
  <system-out/>
</testsuite> <!-- Test_post -->
